<?xml version="1.0" encoding="UTF-8"?>
<!-- Generated by org.testng.reporters.JUnitReportReporter -->
<testsuite hostname="Pune-Laptop136" name="com.midtrans.demo.testcases.ProductPurchaseTest" tests="1" failures="0" timestamp="7 Mar 2020 15:42:28 GMT" time="4.878" errors="0">
  <testcase name="ProductPurchaseSuccessFlowTest" time="4.878" classname="com.midtrans.demo.testcases.ProductPurchaseTest"/>
</testsuite> <!-- com.midtrans.demo.testcases.ProductPurchaseTest -->
